<?xml version="1.0" encoding="UTF-8"?>
<!DOCTYPE coverage SYSTEM "http://cobertura.sourceforge.net/xml/coverage-04.dtd">
<coverage line-rate="0.45394737" branch-rate="0" lines-covered="69" lines-valid="152" branches-covered="0" branches-valid="0" complexity="0" version="" timestamp="1589151983804">
	<packages>
		<package name="github.com/devops-works/influxevent" line-rate="0.45394737" branch-rate="0" complexity="0" line-count="152" line-hits="69">
			<classes>
				<class name="-" filename="main.go" line-rate="0.41843972" branch-rate="0" complexity="0" line-count="141" line-hits="59">
					<methods>
						<method name="anyInSlice" signature="" line-rate="1" branch-rate="0" complexity="0" line-count="0" line-hits="0">
							<lines>
								<line number="54" hits="4"></line>
								<line number="55" hits="5"></line>
								<line number="56" hits="3"></line>
								<line number="60" hits="1"></line>
							</lines>
						</method>
						<method name="slicePosition" signature="" line-rate="1" branch-rate="0" complexity="0" line-count="0" line-hits="0">
							<lines>
								<line number="64" hits="8"></line>
								<line number="65" hits="18"></line>
								<line number="66" hits="5"></line>
								<line number="70" hits="3"></line>
							</lines>
						</method>
						<method name="main" signature="" line-rate="0" branch-rate="0" complexity="0" line-count="0" line-hits="0">
							<lines>
								<line number="74" hits="0"></line>
								<line number="75" hits="0"></line>
								<line number="76" hits="0"></line>
								<line number="78" hits="0"></line>
								<line number="81" hits="0"></line>
								<line number="82" hits="0"></line>
								<line number="83" hits="0"></line>
								<line number="84" hits="0"></line>
								<line number="87" hits="0"></line>
								<line number="88" hits="0"></line>
								<line number="91" hits="0"></line>
								<line number="92" hits="0"></line>
								<line number="93" hits="0"></line>
								<line number="94" hits="0"></line>
								<line number="97" hits="0"></line>
								<line number="99" hits="0"></line>
							</lines>
						</method>
						<method name="run" signature="" line-rate="0" branch-rate="0" complexity="0" line-count="0" line-hits="0">
							<lines>
								<line number="103" hits="0"></line>
								<line number="104" hits="0"></line>
								<line number="105" hits="0"></line>
								<line number="107" hits="0"></line>
								<line number="109" hits="0"></line>
								<line number="110" hits="0"></line>
								<line number="117" hits="0"></line>
								<line number="118" hits="0"></line>
								<line number="121" hits="0"></line>
								<line number="125" hits="0"></line>
								<line number="126" hits="0"></line>
								<line number="129" hits="0"></line>
								<line number="130" hits="0"></line>
								<line number="131" hits="0"></line>
								<line number="134" hits="0"></line>
								<line number="141" hits="0"></line>
								<line number="143" hits="0"></line>
								<line number="144" hits="0"></line>
								<line number="146" hits="0"></line>
								<line number="149" hits="0"></line>
								<line number="150" hits="0"></line>
								<line number="151" hits="0"></line>
							</lines>
						</method>
						<method name="batchLogInfluxDB" signature="" line-rate="0" branch-rate="0" complexity="0" line-count="0" line-hits="0">
							<lines>
								<line number="176" hits="0"></line>
								<line number="177" hits="0"></line>
								<line number="178" hits="0"></line>
								<line number="179" hits="0"></line>
								<line number="180" hits="0"></line>
								<line number="182" hits="0"></line>
								<line number="183" hits="0"></line>
								<line number="184" hits="0"></line>
								<line number="185" hits="0"></line>
								<line number="186" hits="0"></line>
								<line number="187" hits="0"></line>
								<line number="189" hits="0"></line>
								<line number="194" hits="0"></line>
							</lines>
						</method>
						<method name="dumpInfluxDB" signature="" line-rate="0" branch-rate="0" complexity="0" line-count="0" line-hits="0">
							<lines>
								<line number="198" hits="0"></line>
								<line number="199" hits="0"></line>
								<line number="200" hits="0"></line>
								<line number="202" hits="0"></line>
								<line number="206" hits="0"></line>
								<line number="207" hits="0"></line>
								<line number="210" hits="0"></line>
								<line number="211" hits="0"></line>
								<line number="212" hits="0"></line>
							</lines>
						</method>
						<method name="logInfluxDB" signature="" line-rate="0.8" branch-rate="0" complexity="0" line-count="0" line-hits="0">
							<lines>
								<line number="216" hits="1"></line>
								<line number="217" hits="1"></line>
								<line number="218" hits="0"></line>
								<line number="220" hits="1"></line>
								<line number="224" hits="1"></line>
								<line number="225" hits="1"></line>
								<line number="228" hits="1"></line>
								<line number="232" hits="1"></line>
								<line number="233" hits="1"></line>
								<line number="235" hits="1"></line>
								<line number="237" hits="1"></line>
								<line number="238" hits="1"></line>
								<line number="239" hits="1"></line>
								<line number="240" hits="1"></line>
								<line number="242" hits="0"></line>
								<line number="244" hits="1"></line>
								<line number="245" hits="0"></line>
								<line number="248" hits="1"></line>
								<line number="249" hits="0"></line>
								<line number="251" hits="1"></line>
							</lines>
						</method>
						<method name="executeCommand" signature="" line-rate="0.7631579" branch-rate="0" complexity="0" line-count="0" line-hits="0">
							<lines>
								<line number="255" hits="3"></line>
								<line number="256" hits="3"></line>
								<line number="257" hits="3"></line>
								<line number="259" hits="3"></line>
								<line number="260" hits="1"></line>
								<line number="261" hits="1"></line>
								<line number="262" hits="1"></line>
								<line number="264" hits="2"></line>
								<line number="267" hits="3"></line>
								<line number="269" hits="3"></line>
								<line number="270" hits="3"></line>
								<line number="271" hits="0"></line>
								<line number="273" hits="3"></line>
								<line number="274" hits="3"></line>
								<line number="275" hits="0"></line>
								<line number="278" hits="3"></line>
								<line number="279" hits="3"></line>
								<line number="281" hits="3"></line>
								<line number="283" hits="3"></line>
								<line number="284" hits="3"></line>
								<line number="291" hits="3"></line>
								<line number="292" hits="3"></line>
								<line number="299" hits="3"></line>
								<line number="300" hits="3"></line>
								<line number="301" hits="1"></line>
								<line number="304" hits="2"></line>
								<line number="305" hits="0"></line>
								<line number="308" hits="2"></line>
								<line number="309" hits="2"></line>
								<line number="312" hits="2"></line>
								<line number="313" hits="0"></line>
								<line number="314" hits="0"></line>
								<line number="316" hits="0"></line>
								<line number="317" hits="0"></line>
								<line number="318" hits="0"></line>
								<line number="319" hits="0"></line>
								<line number="323" hits="2"></line>
								<line number="325" hits="2"></line>
							</lines>
						</method>
						<method name="@284:5" signature="" line-rate="1" branch-rate="0" complexity="0" line-count="0" line-hits="0">
							<lines>
								<line number="285" hits="3"></line>
								<line number="286" hits="3"></line>
								<line number="287" hits="25"></line>
							</lines>
						</method>
						<method name="@292:5" signature="" line-rate="1" branch-rate="0" complexity="0" line-count="0" line-hits="0">
							<lines>
								<line number="293" hits="3"></line>
								<line number="294" hits="3"></line>
								<line number="295" hits="1"></line>
							</lines>
						</method>
						<method name="watch" signature="" line-rate="0" branch-rate="0" complexity="0" line-count="0" line-hits="0">
							<lines>
								<line number="329" hits="0"></line>
								<line number="330" hits="0"></line>
								<line number="332" hits="0"></line>
								<line number="334" hits="0"></line>
								<line number="335" hits="0"></line>
								<line number="336" hits="0"></line>
								<line number="337" hits="0"></line>
								<line number="339" hits="0"></line>
								<line number="341" hits="0"></line>
							</lines>
						</method>
					</methods>
					<lines>
						<line number="54" hits="4"></line>
						<line number="55" hits="5"></line>
						<line number="56" hits="3"></line>
						<line number="60" hits="1"></line>
						<line number="64" hits="8"></line>
						<line number="65" hits="18"></line>
						<line number="66" hits="5"></line>
						<line number="70" hits="3"></line>
						<line number="74" hits="0"></line>
						<line number="75" hits="0"></line>
						<line number="76" hits="0"></line>
						<line number="78" hits="0"></line>
						<line number="81" hits="0"></line>
						<line number="82" hits="0"></line>
						<line number="83" hits="0"></line>
						<line number="84" hits="0"></line>
						<line number="87" hits="0"></line>
						<line number="88" hits="0"></line>
						<line number="91" hits="0"></line>
						<line number="92" hits="0"></line>
						<line number="93" hits="0"></line>
						<line number="94" hits="0"></line>
						<line number="97" hits="0"></line>
						<line number="99" hits="0"></line>
						<line number="103" hits="0"></line>
						<line number="104" hits="0"></line>
						<line number="105" hits="0"></line>
						<line number="107" hits="0"></line>
						<line number="109" hits="0"></line>
						<line number="110" hits="0"></line>
						<line number="117" hits="0"></line>
						<line number="118" hits="0"></line>
						<line number="121" hits="0"></line>
						<line number="125" hits="0"></line>
						<line number="126" hits="0"></line>
						<line number="129" hits="0"></line>
						<line number="130" hits="0"></line>
						<line number="131" hits="0"></line>
						<line number="134" hits="0"></line>
						<line number="141" hits="0"></line>
						<line number="143" hits="0"></line>
						<line number="144" hits="0"></line>
						<line number="146" hits="0"></line>
						<line number="149" hits="0"></line>
						<line number="150" hits="0"></line>
						<line number="151" hits="0"></line>
						<line number="176" hits="0"></line>
						<line number="177" hits="0"></line>
						<line number="178" hits="0"></line>
						<line number="179" hits="0"></line>
						<line number="180" hits="0"></line>
						<line number="182" hits="0"></line>
						<line number="183" hits="0"></line>
						<line number="184" hits="0"></line>
						<line number="185" hits="0"></line>
						<line number="186" hits="0"></line>
						<line number="187" hits="0"></line>
						<line number="189" hits="0"></line>
						<line number="194" hits="0"></line>
						<line number="198" hits="0"></line>
						<line number="199" hits="0"></line>
						<line number="200" hits="0"></line>
						<line number="202" hits="0"></line>
						<line number="206" hits="0"></line>
						<line number="207" hits="0"></line>
						<line number="210" hits="0"></line>
						<line number="211" hits="0"></line>
						<line number="212" hits="0"></line>
						<line number="216" hits="1"></line>
						<line number="217" hits="1"></line>
						<line number="218" hits="0"></line>
						<line number="220" hits="1"></line>
						<line number="224" hits="1"></line>
						<line number="225" hits="1"></line>
						<line number="228" hits="1"></line>
						<line number="232" hits="1"></line>
						<line number="233" hits="1"></line>
						<line number="235" hits="1"></line>
						<line number="237" hits="1"></line>
						<line number="238" hits="1"></line>
						<line number="239" hits="1"></line>
						<line number="240" hits="1"></line>
						<line number="242" hits="0"></line>
						<line number="244" hits="1"></line>
						<line number="245" hits="0"></line>
						<line number="248" hits="1"></line>
						<line number="249" hits="0"></line>
						<line number="251" hits="1"></line>
						<line number="255" hits="3"></line>
						<line number="256" hits="3"></line>
						<line number="257" hits="3"></line>
						<line number="259" hits="3"></line>
						<line number="260" hits="1"></line>
						<line number="261" hits="1"></line>
						<line number="262" hits="1"></line>
						<line number="264" hits="2"></line>
						<line number="267" hits="3"></line>
						<line number="269" hits="3"></line>
						<line number="270" hits="3"></line>
						<line number="271" hits="0"></line>
						<line number="273" hits="3"></line>
						<line number="274" hits="3"></line>
						<line number="275" hits="0"></line>
						<line number="278" hits="3"></line>
						<line number="279" hits="3"></line>
						<line number="281" hits="3"></line>
						<line number="283" hits="3"></line>
						<line number="284" hits="3"></line>
						<line number="291" hits="3"></line>
						<line number="292" hits="3"></line>
						<line number="299" hits="3"></line>
						<line number="300" hits="3"></line>
						<line number="301" hits="1"></line>
						<line number="304" hits="2"></line>
						<line number="305" hits="0"></line>
						<line number="308" hits="2"></line>
						<line number="309" hits="2"></line>
						<line number="312" hits="2"></line>
						<line number="313" hits="0"></line>
						<line number="314" hits="0"></line>
						<line number="316" hits="0"></line>
						<line number="317" hits="0"></line>
						<line number="318" hits="0"></line>
						<line number="319" hits="0"></line>
						<line number="323" hits="2"></line>
						<line number="325" hits="2"></line>
						<line number="285" hits="3"></line>
						<line number="286" hits="3"></line>
						<line number="287" hits="25"></line>
						<line number="293" hits="3"></line>
						<line number="294" hits="3"></line>
						<line number="295" hits="1"></line>
						<line number="329" hits="0"></line>
						<line number="330" hits="0"></line>
						<line number="332" hits="0"></line>
						<line number="334" hits="0"></line>
						<line number="335" hits="0"></line>
						<line number="336" hits="0"></line>
						<line number="337" hits="0"></line>
						<line number="339" hits="0"></line>
						<line number="341" hits="0"></line>
					</lines>
				</class>
				<class name="point" filename="main.go" line-rate="0.90909094" branch-rate="0" complexity="0" line-count="11" line-hits="10">
					<methods>
						<method name="String" signature="" line-rate="0.90909094" branch-rate="0" complexity="0" line-count="0" line-hits="0">
							<lines>
								<line number="156" hits="2"></line>
								<line number="157" hits="2"></line>
								<line number="158" hits="0"></line>
								<line number="161" hits="2"></line>
								<line number="162" hits="2"></line>
								<line number="163" hits="2"></line>
								<line number="166" hits="2"></line>
								<line number="167" hits="2"></line>
								<line number="168" hits="4"></line>
								<line number="170" hits="2"></line>
								<line number="172" hits="2"></line>
							</lines>
						</method>
					</methods>
					<lines>
						<line number="156" hits="2"></line>
						<line number="157" hits="2"></line>
						<line number="158" hits="0"></line>
						<line number="161" hits="2"></line>
						<line number="162" hits="2"></line>
						<line number="163" hits="2"></line>
						<line number="166" hits="2"></line>
						<line number="167" hits="2"></line>
						<line number="168" hits="4"></line>
						<line number="170" hits="2"></line>
						<line number="172" hits="2"></line>
					</lines>
				</class>
			</classes>
		</package>
	</packages>
	<sources>
		<source>/home/leucos/dev/perso/projects/influxevent</source>
	</sources>
</coverage>
